2022-07-12 10:24:08,670  INFO  Inside the Class Ineuron
2022-07-12 10:24:08,670  INFO  Inside the try Block
2022-07-12 10:24:08,670  INFO  Inside the Constructor
2022-07-12 10:24:08,670  INFO  Inside the total_courses function
2022-07-12 10:24:08,670  INFO  Try Block executed successfully
2022-07-12 11:07:21,954  INFO  Inside the Class Ineuron
2022-07-12 11:07:21,954  INFO  Inside the try Block
2022-07-12 11:07:21,954  INFO  Inside the Constructor
2022-07-12 11:07:21,954  INFO  Inside the total_courses function
2022-07-12 11:07:21,954  INFO  Try Block executed successfully
2022-07-12 11:07:21,954  INFO  Inside the Students Class 
2022-07-12 11:07:21,954  INFO  Inside the Constructor
2022-07-12 11:08:20,332  INFO  Inside the Class Ineuron
2022-07-12 11:08:20,332  INFO  Inside the try Block
2022-07-12 11:08:20,332  INFO  Inside the Constructor
2022-07-12 11:08:20,332  INFO  Inside the total_courses function
2022-07-12 11:08:20,332  INFO  Try Block executed successfully
2022-07-12 11:08:20,332  INFO  Inside the Students Class 
2022-07-12 11:08:20,332  INFO  Inside the Constructor
2022-07-12 11:09:11,774  INFO  Inside the Class Ineuron
2022-07-12 11:09:11,774  INFO  Inside the try Block
2022-07-12 11:09:11,774  INFO  Inside the Constructor
2022-07-12 11:09:11,774  INFO  Inside the total_courses function
2022-07-12 11:09:11,774  INFO  Try Block executed successfully
2022-07-12 11:09:11,774  INFO  Inside the Students Class 
2022-07-12 11:09:11,774  INFO  Inside the Constructor
2022-07-12 11:09:56,771  INFO  Inside the Class Ineuron
2022-07-12 11:09:56,771  INFO  Inside the try Block
2022-07-12 11:09:56,771  INFO  Inside the Constructor
2022-07-12 11:09:56,771  INFO  Inside the total_courses function
2022-07-12 11:09:56,771  INFO  Try Block executed successfully
2022-07-12 11:09:56,771  INFO  Inside the Students Class 
2022-07-12 11:09:56,771  INFO  Inside the Constructor
2022-07-12 11:09:56,771  INFO  2000
2022-07-12 11:11:44,178  INFO  Inside the Class Ineuron
2022-07-12 11:11:44,178  INFO  Inside the try Block
2022-07-12 11:11:44,178  INFO  Inside the Constructor
2022-07-12 11:11:44,178  INFO  Inside the total_courses function
2022-07-12 11:11:44,178  INFO  Try Block executed successfully
2022-07-12 11:11:44,178  INFO  Inside the Students Class 
2022-07-12 11:11:44,178  INFO  Inside the Constructor
2022-07-12 11:11:44,178  INFO  2000
2022-07-12 11:13:17,608  INFO  Inside the Class Ineuron
2022-07-12 11:13:17,608  INFO  Inside the try Block
2022-07-12 11:13:17,608  INFO  Inside the Constructor
2022-07-12 11:13:17,608  INFO  Inside the total_courses function
2022-07-12 11:13:17,608  INFO  Try Block executed successfully
2022-07-12 11:13:17,608  INFO  Inside the Students Class 
2022-07-12 11:13:17,608  INFO  Inside the Constructor
2022-07-12 11:13:17,608  INFO  2000
2022-07-12 11:13:28,465  INFO  Inside the Class Ineuron
2022-07-12 11:13:28,481  INFO  Inside the try Block
2022-07-12 11:13:28,481  INFO  Inside the Constructor
2022-07-12 11:13:28,481  INFO  Inside the total_courses function
2022-07-12 11:13:28,481  INFO  Try Block executed successfully
2022-07-12 11:13:28,481  INFO  Inside the Students Class 
2022-07-12 11:13:28,481  INFO  Inside the Constructor
2022-07-12 11:13:28,481  INFO  2000
2022-07-12 11:30:01,332  INFO  Inside the Class Ineuron
2022-07-12 11:30:01,332  INFO  Inside the try Block
2022-07-12 11:30:01,332  INFO  Inside the Constructor
2022-07-12 11:30:01,332  INFO  Inside the total_courses function
2022-07-12 11:30:01,332  INFO  Try Block executed successfully
2022-07-12 11:30:01,332  INFO  Inside the Students Class 
2022-07-12 11:30:01,332  INFO  Inside the Constructor
2022-07-12 11:30:01,332  INFO  2000
2022-07-12 11:31:10,526  INFO  Inside the Class Ineuron
2022-07-12 11:31:10,526  INFO  Inside the try Block
2022-07-12 11:31:10,526  INFO  Inside the Constructor
2022-07-12 11:31:10,526  INFO  Inside the total_courses function
2022-07-12 11:31:10,526  INFO  Try Block executed successfully
2022-07-12 11:31:10,526  INFO  Inside the Students Class 
2022-07-12 11:31:10,526  INFO  Inside the Constructor
2022-07-12 11:31:10,526  INFO  2000
2022-07-12 11:31:10,541  INFO  None
2022-07-12 11:31:10,541  INFO  None
2022-07-12 11:31:10,541  INFO  None
2022-07-12 11:34:09,464  INFO  Inside the Class Ineuron
2022-07-12 11:34:09,464  INFO  Inside the try Block
2022-07-12 11:34:09,464  INFO  Inside the Constructor
2022-07-12 11:34:09,464  INFO  Inside the total_courses function
2022-07-12 11:34:09,464  INFO  Try Block executed successfully
2022-07-12 11:34:09,464  INFO  Inside the Students Class 
2022-07-12 11:34:09,464  INFO  Inside the Constructor
2022-07-12 11:34:09,464  INFO  2000
2022-07-12 11:34:09,464  INFO  None
2022-07-12 11:34:09,464  INFO  None
2022-07-12 11:34:09,464  INFO  None
2022-07-12 11:46:13,157  INFO  Inside the Class Ineuron
2022-07-12 11:46:13,157  INFO  Inside the try Block
2022-07-12 11:46:13,157  INFO  Inside the Constructor
2022-07-12 11:46:13,157  INFO  Inside the total_courses function
2022-07-12 11:46:13,157  INFO  Try Block executed successfully
2022-07-12 11:46:13,157  INFO  Inside the Students Class 
2022-07-12 11:46:13,157  INFO  Inside the Constructor
2022-07-12 11:46:13,157  INFO  2000
2022-07-12 11:46:13,157  INFO  None
2022-07-12 11:47:11,523  INFO  Inside the Class Ineuron
2022-07-12 11:47:11,523  INFO  Inside the try Block
2022-07-12 11:47:11,523  INFO  Inside the Constructor
2022-07-12 11:47:11,523  INFO  Inside the total_courses function
2022-07-12 11:47:11,523  INFO  Try Block executed successfully
2022-07-12 11:47:11,523  INFO  Inside the Students Class 
2022-07-12 11:47:11,523  INFO  Inside the Constructor
2022-07-12 11:47:11,523  INFO  2000
2022-07-12 11:47:11,523  INFO  None
2022-07-12 11:48:10,142  INFO  Inside the Class Ineuron
2022-07-12 11:48:10,142  INFO  Inside the try Block
2022-07-12 11:48:10,157  INFO  Inside the Constructor
2022-07-12 11:48:10,157  INFO  Inside the total_courses function
2022-07-12 11:48:10,157  INFO  Try Block executed successfully
2022-07-12 11:48:10,157  INFO  Inside the Students Class 
2022-07-12 11:48:10,157  INFO  Inside the Constructor
2022-07-12 11:48:10,157  INFO  2000
2022-07-12 11:48:10,157  INFO  None
2022-07-12 11:49:55,814  INFO  Inside the Class Ineuron
2022-07-12 11:49:55,814  INFO  Inside the try Block
2022-07-12 11:49:55,814  INFO  Inside the Constructor
2022-07-12 11:49:55,814  INFO  Inside the total_courses function
2022-07-12 11:49:55,814  INFO  Try Block executed successfully
2022-07-12 11:49:55,814  INFO  Inside the Students Class 
2022-07-12 11:49:55,814  INFO  Inside the Constructor
2022-07-12 11:49:55,814  INFO  2000
2022-07-12 11:49:55,814  INFO  None
2022-07-12 11:50:20,929  INFO  Inside the Class Ineuron
2022-07-12 11:50:20,929  INFO  Inside the try Block
2022-07-12 11:50:20,929  INFO  Inside the Constructor
2022-07-12 11:50:20,929  INFO  Inside the total_courses function
2022-07-12 11:50:20,929  INFO  Try Block executed successfully
2022-07-12 11:50:20,929  INFO  Inside the Students Class 
2022-07-12 11:50:20,929  INFO  Inside the Constructor
2022-07-12 11:50:20,929  INFO  2000
2022-07-12 11:50:20,929  INFO  Medium
2022-07-12 11:50:20,929  INFO  None
2022-07-12 11:50:59,948  INFO  Inside the Class Ineuron
2022-07-12 11:50:59,948  INFO  Inside the try Block
2022-07-12 11:50:59,948  INFO  Inside the Constructor
2022-07-12 11:50:59,948  INFO  Inside the total_courses function
2022-07-12 11:50:59,948  INFO  Try Block executed successfully
2022-07-12 11:50:59,948  INFO  Inside the Students Class 
2022-07-12 11:50:59,948  INFO  Inside the Constructor
2022-07-12 11:50:59,948  INFO  2000
2022-07-12 11:52:05,075  INFO  Inside the Class Ineuron
2022-07-12 11:52:05,075  INFO  Inside the try Block
2022-07-12 11:52:05,075  INFO  Inside the Constructor
2022-07-12 11:52:05,075  INFO  Inside the total_courses function
2022-07-12 11:52:05,075  INFO  Try Block executed successfully
2022-07-12 11:52:05,075  INFO  Inside the Students Class 
2022-07-12 11:52:05,075  INFO  Inside the Constructor
2022-07-12 11:52:05,075  INFO  2000
2022-07-12 11:52:05,075  INFO  Medium
2022-07-12 11:52:05,075  INFO  None
2022-07-15 15:11:19,017  INFO  Inside the Class Ineuron
2022-07-15 15:11:19,017  INFO  Inside the try Block
2022-07-15 15:11:19,017  INFO  Inside the Constructor
2022-07-15 15:11:19,017  INFO  Inside the total_courses function
2022-07-15 15:11:19,017  INFO  Try Block executed successfully
2022-07-15 15:11:19,017  INFO  Inside the Students Class 
2022-07-15 15:11:19,017  INFO  Inside the Constructor
2022-07-15 15:11:19,017  INFO  2000
2022-07-15 15:11:19,017  INFO  Medium
